# JRE version: Java(TM) SE Runtime Environment (8.0_261-b12) (build 1.8.0_261-b12)
# Java VM: Java HotSpot(TM) 64-Bit Server VM (25.261-b12 mixed mode windows-amd64 compressed oops)
Heap:
 PSYoungGen      total 301568K, used 186921K [0x00000000d5b80000, 0x00000000e9700000, 0x0000000100000000)
  eden space 282112K, 66% used [0x00000000d5b80000,0x00000000e120a5c8,0x00000000e6f00000)
  from space 19456K, 0% used [0x00000000e8400000,0x00000000e8400000,0x00000000e9700000)
  to   space 20480K, 27% used [0x00000000e6f00000,0x00000000e7494150,0x00000000e8300000)
 ParOldGen       total 127488K, used 28947K [0x0000000081200000, 0x0000000088e80000, 0x00000000d5b80000)
  object space 127488K, 22% used [0x0000000081200000,0x0000000082e44fa0,0x0000000088e80000)
 Metaspace       used 60340K, capacity 64652K, committed 64984K, reserved 1105920K
  class space    used 8369K, capacity 9096K, committed 9216K, reserved 1048576K
GC Heap History (10 events):
Event: 18.694 GC heap after
Heap after GC invocations=13 (full 3):
 PSYoungGen      total 241664K, used 0K [0x00000000d5b80000, 0x00000000e6980000, 0x0000000100000000)
  eden space 221184K, 0% used [0x00000000d5b80000,0x00000000d5b80000,0x00000000e3380000)
  from space 20480K, 0% used [0x00000000e4880000,0x00000000e4880000,0x00000000e5c80000)
  to   space 21504K, 0% used [0x00000000e3380000,0x00000000e3380000,0x00000000e4880000)
 ParOldGen       total 127488K, used 25912K [0x0000000081200000, 0x0000000088e80000, 0x00000000d5b80000)
  object space 127488K, 20% used [0x0000000081200000,0x0000000082b4e210,0x0000000088e80000)
 Metaspace       used 55215K, capacity 59020K, committed 59096K, reserved 1099776K
  class space    used 7736K, capacity 8405K, committed 8448K, reserved 1048576K
}
Event: 359.995 GC heap before
{Heap before GC invocations=14 (full 3):
 PSYoungGen      total 241664K, used 86494K [0x00000000d5b80000, 0x00000000e6980000, 0x0000000100000000)
  eden space 221184K, 39% used [0x00000000d5b80000,0x00000000daff7bf8,0x00000000e3380000)
  from space 20480K, 0% used [0x00000000e4880000,0x00000000e4880000,0x00000000e5c80000)
  to   space 21504K, 0% used [0x00000000e3380000,0x00000000e3380000,0x00000000e4880000)
 ParOldGen       total 127488K, used 25912K [0x0000000081200000, 0x0000000088e80000, 0x00000000d5b80000)
  object space 127488K, 20% used [0x0000000081200000,0x0000000082b4e210,0x0000000088e80000)
 Metaspace       used 59434K, capacity 63420K, committed 63576K, reserved 1103872K
  class space    used 8284K, capacity 8969K, committed 9088K, reserved 1048576K
Event: 360.001 GC heap after
Heap after GC invocations=14 (full 3):
 PSYoungGen      total 242688K, used 4451K [0x00000000d5b80000, 0x00000000e9900000, 0x0000000100000000)
  eden space 221184K, 0% used [0x00000000d5b80000,0x00000000d5b80000,0x00000000e3380000)
  from space 21504K, 20% used [0x00000000e3380000,0x00000000e37d8c00,0x00000000e4880000)
  to   space 21504K, 0% used [0x00000000e8400000,0x00000000e8400000,0x00000000e9900000)
 ParOldGen       total 127488K, used 25920K [0x0000000081200000, 0x0000000088e80000, 0x00000000d5b80000)
  object space 127488K, 20% used [0x0000000081200000,0x0000000082b50210,0x0000000088e80000)
 Metaspace       used 59434K, capacity 63420K, committed 63576K, reserved 1103872K
  class space    used 8284K, capacity 8969K, committed 9088K, reserved 1048576K
}
Event: 360.001 GC heap before
{Heap before GC invocations=15 (full 4):
 PSYoungGen      total 242688K, used 4451K [0x00000000d5b80000, 0x00000000e9900000, 0x0000000100000000)
  eden space 221184K, 0% used [0x00000000d5b80000,0x00000000d5b80000,0x00000000e3380000)
  from space 21504K, 20% used [0x00000000e3380000,0x00000000e37d8c00,0x00000000e4880000)
  to   space 21504K, 0% used [0x00000000e8400000,0x00000000e8400000,0x00000000e9900000)
 ParOldGen       total 127488K, used 25920K [0x0000000081200000, 0x0000000088e80000, 0x00000000d5b80000)
  object space 127488K, 20% used [0x0000000081200000,0x0000000082b50210,0x0000000088e80000)
 Metaspace       used 59434K, capacity 63420K, committed 63576K, reserved 1103872K
  class space    used 8284K, capacity 8969K, committed 9088K, reserved 1048576K
Event: 360.182 GC heap after
Heap after GC invocations=15 (full 4):
 PSYoungGen      total 242688K, used 0K [0x00000000d5b80000, 0x00000000e9900000, 0x0000000100000000)
  eden space 221184K, 0% used [0x00000000d5b80000,0x00000000d5b80000,0x00000000e3380000)
  from space 21504K, 0% used [0x00000000e3380000,0x00000000e3380000,0x00000000e4880000)
  to   space 21504K, 0% used [0x00000000e8400000,0x00000000e8400000,0x00000000e9900000)
 ParOldGen       total 127488K, used 27639K [0x0000000081200000, 0x0000000088e80000, 0x00000000d5b80000)
  object space 127488K, 21% used [0x0000000081200000,0x0000000082cfdf80,0x0000000088e80000)
 Metaspace       used 59434K, capacity 63420K, committed 63576K, reserved 1103872K
  class space    used 8284K, capacity 8969K, committed 9088K, reserved 1048576K
}
Event: 828.689 GC heap before
{Heap before GC invocations=16 (full 4):
 PSYoungGen      total 242688K, used 217686K [0x00000000d5b80000, 0x00000000e9900000, 0x0000000100000000)
  eden space 221184K, 98% used [0x00000000d5b80000,0x00000000e3015be8,0x00000000e3380000)
  from space 21504K, 0% used [0x00000000e3380000,0x00000000e3380000,0x00000000e4880000)
  to   space 21504K, 0% used [0x00000000e8400000,0x00000000e8400000,0x00000000e9900000)
 ParOldGen       total 127488K, used 27639K [0x0000000081200000, 0x0000000088e80000, 0x00000000d5b80000)
  object space 127488K, 21% used [0x0000000081200000,0x0000000082cfdf80,0x0000000088e80000)
 Metaspace       used 59944K, capacity 64106K, committed 64344K, reserved 1103872K
  class space    used 8334K, capacity 9039K, committed 9088K, reserved 1048576K
Event: 828.698 GC heap after
Heap after GC invocations=16 (full 4):
 PSYoungGen      total 301568K, used 8422K [0x00000000d5b80000, 0x00000000e9700000, 0x0000000100000000)
  eden space 282112K, 0% used [0x00000000d5b80000,0x00000000d5b80000,0x00000000e6f00000)
  from space 19456K, 43% used [0x00000000e8400000,0x00000000e8c39b88,0x00000000e9700000)
  to   space 20480K, 0% used [0x00000000e6f00000,0x00000000e6f00000,0x00000000e8300000)
 ParOldGen       total 127488K, used 27647K [0x0000000081200000, 0x0000000088e80000, 0x00000000d5b80000)
  object space 127488K, 21% used [0x0000000081200000,0x0000000082cfff80,0x0000000088e80000)
 Metaspace       used 59944K, capacity 64106K, committed 64344K, reserved 1103872K
  class space    used 8334K, capacity 9039K, committed 9088K, reserved 1048576K
}
Event: 828.698 GC heap before
{Heap before GC invocations=17 (full 5):
 PSYoungGen      total 301568K, used 8422K [0x00000000d5b80000, 0x00000000e9700000, 0x0000000100000000)
  eden space 282112K, 0% used [0x00000000d5b80000,0x00000000d5b80000,0x00000000e6f00000)
  from space 19456K, 43% used [0x00000000e8400000,0x00000000e8c39b88,0x00000000e9700000)
  to   space 20480K, 0% used [0x00000000e6f00000,0x00000000e6f00000,0x00000000e8300000)
 ParOldGen       total 127488K, used 27647K [0x0000000081200000, 0x0000000088e80000, 0x00000000d5b80000)
  object space 127488K, 21% used [0x0000000081200000,0x0000000082cfff80,0x0000000088e80000)
 Metaspace       used 59944K, capacity 64106K, committed 64344K, reserved 1103872K
  class space    used 8334K, capacity 9039K, committed 9088K, reserved 1048576K
Event: 828.856 GC heap after
Heap after GC invocations=17 (full 5):
 PSYoungGen      total 301568K, used 0K [0x00000000d5b80000, 0x00000000e9700000, 0x0000000100000000)
  eden space 282112K, 0% used [0x00000000d5b80000,0x00000000d5b80000,0x00000000e6f00000)
  from space 19456K, 0% used [0x00000000e8400000,0x00000000e8400000,0x00000000e9700000)
  to   space 20480K, 0% used [0x00000000e6f00000,0x00000000e6f00000,0x00000000e8300000)
 ParOldGen       total 127488K, used 28939K [0x0000000081200000, 0x0000000088e80000, 0x00000000d5b80000)
  object space 127488K, 22% used [0x0000000081200000,0x0000000082e42fa0,0x0000000088e80000)
 Metaspace       used 59937K, capacity 64094K, committed 64344K, reserved 1103872K
  class space    used 8333K, capacity 9036K, committed 9088K, reserved 1048576K
}
Event: 865.397 GC heap before
{Heap before GC invocations=18 (full 5):
 PSYoungGen      total 301568K, used 186921K [0x00000000d5b80000, 0x00000000e9700000, 0x0000000100000000)
  eden space 282112K, 66% used [0x00000000d5b80000,0x00000000e120a5c8,0x00000000e6f00000)
  from space 19456K, 0% used [0x00000000e8400000,0x00000000e8400000,0x00000000e9700000)
  to   space 20480K, 0% used [0x00000000e6f00000,0x00000000e6f00000,0x00000000e8300000)
 ParOldGen       total 127488K, used 28939K [0x0000000081200000, 0x0000000088e80000, 0x00000000d5b80000)
  object space 127488K, 22% used [0x0000000081200000,0x0000000082e42fa0,0x0000000088e80000)
 Metaspace       used 60340K, capacity 64652K, committed 64984K, reserved 1105920K
  class space    used 8369K, capacity 9096K, committed 9216K, reserved 1048576K

